2018-12-02 13:08:46.532 [main] INFO  o.s.c.a.AnnotationConfigApplicationContext - Refreshing org.springframework.context.annotation.AnnotationConfigApplicationContext@30c7da1e: startup date [Sun Dec 02 13:08:46 CST 2018]; root of context hierarchy
2018-12-02 13:08:46.796 [main] INFO  o.s.b.f.a.AutowiredAnnotationBeanPostProcessor - JSR-330 'javax.inject.Inject' annotation found and supported for autowiring
2018-12-02 13:08:46.878 [main] INFO  o.s.c.s.PostProcessorRegistrationDelegate$BeanPostProcessorChecker - Bean 'org.springframework.retry.annotation.RetryConfiguration' of type [org.springframework.retry.annotation.RetryConfiguration$$EnhancerBySpringCGLIB$$98cf0af1] is not eligible for getting processed by all BeanPostProcessors (for example: not eligible for auto-proxying)
2018-12-02 13:08:46.886 [main] INFO  o.s.c.s.PostProcessorRegistrationDelegate$BeanPostProcessorChecker - Bean 'configurationPropertiesRebinderAutoConfiguration' of type [org.springframework.cloud.autoconfigure.ConfigurationPropertiesRebinderAutoConfiguration$$EnhancerBySpringCGLIB$$bf2575c9] is not eligible for getting processed by all BeanPostProcessors (for example: not eligible for auto-proxying)
2018-12-02 13:08:48.608 [main] INFO  o.s.c.c.client.ConfigServicePropertySourceLocator - Fetching config from server at : http://localhost:5000
2018-12-02 13:08:50.226 [main] INFO  o.s.c.c.client.ConfigServicePropertySourceLocator - Located environment: name=logger, profiles=[default], label=null, version=null, state=null
2018-12-02 13:08:50.228 [main] INFO  o.s.c.b.c.PropertySourceBootstrapConfiguration - Located property source: CompositePropertySource {name='configService', propertySources=[MapPropertySource {name='classpath:/config/logger.yml'}]}
2018-12-02 13:08:50.263 [main] INFO  com.beidou.logger.LoggerApplication - No active profile set, falling back to default profiles: default
2018-12-02 13:08:50.280 [main] INFO  o.s.b.w.s.c.AnnotationConfigServletWebServerApplicationContext - Refreshing org.springframework.boot.web.servlet.context.AnnotationConfigServletWebServerApplicationContext@26aa12dd: startup date [Sun Dec 02 13:08:50 CST 2018]; parent: org.springframework.context.annotation.AnnotationConfigApplicationContext@30c7da1e
2018-12-02 13:08:51.527 [main] INFO  o.springframework.cloud.context.scope.GenericScope - BeanFactory id=725abc24-ab2d-312b-9fa3-0b313fdb7cfd
2018-12-02 13:08:51.565 [main] INFO  o.s.b.f.a.AutowiredAnnotationBeanPostProcessor - JSR-330 'javax.inject.Inject' annotation found and supported for autowiring
2018-12-02 13:08:51.622 [main] INFO  o.s.c.s.PostProcessorRegistrationDelegate$BeanPostProcessorChecker - Bean 'org.springframework.amqp.rabbit.annotation.RabbitBootstrapConfiguration' of type [org.springframework.amqp.rabbit.annotation.RabbitBootstrapConfiguration$$EnhancerBySpringCGLIB$$697730fa] is not eligible for getting processed by all BeanPostProcessors (for example: not eligible for auto-proxying)
2018-12-02 13:08:51.738 [main] INFO  o.s.c.s.PostProcessorRegistrationDelegate$BeanPostProcessorChecker - Bean 'org.springframework.transaction.annotation.ProxyTransactionManagementConfiguration' of type [org.springframework.transaction.annotation.ProxyTransactionManagementConfiguration$$EnhancerBySpringCGLIB$$a30b72cc] is not eligible for getting processed by all BeanPostProcessors (for example: not eligible for auto-proxying)
2018-12-02 13:08:51.905 [main] INFO  o.s.c.s.PostProcessorRegistrationDelegate$BeanPostProcessorChecker - Bean 'org.springframework.cloud.autoconfigure.ConfigurationPropertiesRebinderAutoConfiguration' of type [org.springframework.cloud.autoconfigure.ConfigurationPropertiesRebinderAutoConfiguration$$EnhancerBySpringCGLIB$$bf2575c9] is not eligible for getting processed by all BeanPostProcessors (for example: not eligible for auto-proxying)
2018-12-02 13:08:52.698 [main] INFO  o.s.boot.web.embedded.tomcat.TomcatWebServer - Tomcat initialized with port(s): 4001 (http)
2018-12-02 13:08:52.743 [main] INFO  org.apache.catalina.core.StandardService - Starting service [Tomcat]
2018-12-02 13:08:52.745 [main] INFO  org.apache.catalina.core.StandardEngine - Starting Servlet Engine: Apache Tomcat/8.5.34
2018-12-02 13:08:52.760 [localhost-startStop-1] INFO  org.apache.catalina.core.AprLifecycleListener - The APR based Apache Tomcat Native library which allows optimal performance in production environments was not found on the java.library.path: [C:\Program Files (x86)\Common Files\Oracle\Java\javapath;C:\Windows\Sun\Java\bin;C:\Windows\system32;C:\Windows;C:\Program Files (x86)\Common Files\Oracle\Java\javapath;C:\Program Files (x86)\ARM\ADSv1_2\bin;C:\Windows\system32;C:\Windows;C:\Windows\System32\Wbem;C:\Windows\System32\WindowsPowerShell\v1.0\;C:\Windows\System32\OpenSSH\;D:\software\nodejs\;D:\software\MATLAB\R2016a\runtime\win64;D:\software\MATLAB\R2016a\bin;D:\software\MATLAB\R2016a\polyspace\bin;C:\Program Files (x86)\NVIDIA Corporation\PhysX\Common;C:\Program Files\NVIDIA Corporation\NVIDIA NvDLISR;D:\software\Git\cmd;C:\Program Files\erl10.1\bin;C:\Users\320\AppData\Local\Microsoft\WindowsApps;C:\Users\320\AppData\Roaming\npm;C:\Users\320\AppData\Local\GitHubDesktop\bin;.]
2018-12-02 13:08:52.878 [localhost-startStop-1] INFO  o.a.c.core.ContainerBase.[Tomcat].[localhost].[/] - Initializing Spring embedded WebApplicationContext
2018-12-02 13:08:52.880 [localhost-startStop-1] INFO  org.springframework.web.context.ContextLoader - Root WebApplicationContext: initialization completed in 2600 ms
2018-12-02 13:08:53.243 [localhost-startStop-1] WARN  com.netflix.config.sources.URLConfigurationSource - No URLs will be polled as dynamic configuration sources.
2018-12-02 13:08:53.245 [localhost-startStop-1] INFO  com.netflix.config.sources.URLConfigurationSource - To enable URLs as dynamic configuration sources, define System property archaius.configurationSource.additionalUrls or make config.properties available on classpath.
2018-12-02 13:08:53.265 [localhost-startStop-1] INFO  com.netflix.config.DynamicPropertyFactory - DynamicPropertyFactory is initialized with configuration sources: com.netflix.config.ConcurrentCompositeConfiguration@299347aa
2018-12-02 13:08:54.154 [localhost-startStop-1] INFO  com.alibaba.druid.pool.DruidDataSource - {dataSource-1} inited
2018-12-02 13:08:55.907 [localhost-startStop-1] INFO  org.springframework.cloud.commons.util.InetUtils - Cannot determine local hostname
2018-12-02 13:08:57.522 [localhost-startStop-1] INFO  org.springframework.cloud.commons.util.InetUtils - Cannot determine local hostname
2018-12-02 13:08:58.375 [localhost-startStop-1] INFO  o.s.boot.web.servlet.FilterRegistrationBean - Mapping filter: 'characterEncodingFilter' to: [/*]
2018-12-02 13:08:58.385 [localhost-startStop-1] INFO  o.s.boot.web.servlet.FilterRegistrationBean - Mapping filter: 'webMvcMetricsFilter' to: [/*]
2018-12-02 13:08:58.387 [localhost-startStop-1] INFO  o.s.boot.web.servlet.FilterRegistrationBean - Mapping filter: 'hiddenHttpMethodFilter' to: [/*]
2018-12-02 13:08:58.389 [localhost-startStop-1] INFO  o.s.boot.web.servlet.FilterRegistrationBean - Mapping filter: 'httpPutFormContentFilter' to: [/*]
2018-12-02 13:08:58.390 [localhost-startStop-1] INFO  o.s.boot.web.servlet.FilterRegistrationBean - Mapping filter: 'requestContextFilter' to: [/*]
2018-12-02 13:08:58.392 [localhost-startStop-1] INFO  o.s.boot.web.servlet.FilterRegistrationBean - Mapping filter: 'httpTraceFilter' to: [/*]
2018-12-02 13:08:58.393 [localhost-startStop-1] INFO  o.s.boot.web.servlet.FilterRegistrationBean - Mapping filter: 'webStatFilter' to urls: [/*]
2018-12-02 13:08:58.394 [localhost-startStop-1] INFO  o.s.boot.web.servlet.ServletRegistrationBean - Servlet statViewServlet mapped to [/druid/*]
2018-12-02 13:08:58.396 [localhost-startStop-1] INFO  o.s.boot.web.servlet.ServletRegistrationBean - Servlet dispatcherServlet mapped to [/]
2018-12-02 13:08:58.848 [main] WARN  com.netflix.config.sources.URLConfigurationSource - No URLs will be polled as dynamic configuration sources.
2018-12-02 13:08:58.850 [main] INFO  com.netflix.config.sources.URLConfigurationSource - To enable URLs as dynamic configuration sources, define System property archaius.configurationSource.additionalUrls or make config.properties available on classpath.
2018-12-02 13:08:58.957 [main] INFO  o.s.web.servlet.handler.SimpleUrlHandlerMapping - Mapped URL path [/**/favicon.ico] onto handler of type [class org.springframework.web.servlet.resource.ResourceHttpRequestHandler]
2018-12-02 13:08:59.208 [main] INFO  o.s.w.s.m.m.a.RequestMappingHandlerAdapter - Looking for @ControllerAdvice: org.springframework.boot.web.servlet.context.AnnotationConfigServletWebServerApplicationContext@26aa12dd: startup date [Sun Dec 02 13:08:50 CST 2018]; parent: org.springframework.context.annotation.AnnotationConfigApplicationContext@30c7da1e
2018-12-02 13:08:59.290 [main] INFO  o.s.w.s.m.m.a.RequestMappingHandlerMapping - Mapped "{[/error]}" onto public org.springframework.http.ResponseEntity<java.util.Map<java.lang.String, java.lang.Object>> org.springframework.boot.autoconfigure.web.servlet.error.BasicErrorController.error(javax.servlet.http.HttpServletRequest)
2018-12-02 13:08:59.292 [main] INFO  o.s.w.s.m.m.a.RequestMappingHandlerMapping - Mapped "{[/error],produces=[text/html]}" onto public org.springframework.web.servlet.ModelAndView org.springframework.boot.autoconfigure.web.servlet.error.BasicErrorController.errorHtml(javax.servlet.http.HttpServletRequest,javax.servlet.http.HttpServletResponse)
2018-12-02 13:08:59.327 [main] INFO  o.s.web.servlet.handler.SimpleUrlHandlerMapping - Mapped URL path [/webjars/**] onto handler of type [class org.springframework.web.servlet.resource.ResourceHttpRequestHandler]
2018-12-02 13:08:59.329 [main] INFO  o.s.web.servlet.handler.SimpleUrlHandlerMapping - Mapped URL path [/**] onto handler of type [class org.springframework.web.servlet.resource.ResourceHttpRequestHandler]
2018-12-02 13:09:00.213 [main] INFO  o.s.b.actuate.endpoint.web.EndpointLinksResolver - Exposing 18 endpoint(s) beneath base path '/actuator'
2018-12-02 13:09:00.228 [main] INFO  o.s.b.a.e.web.servlet.WebMvcEndpointHandlerMapping - Mapped "{[/actuator/archaius],methods=[GET],produces=[application/vnd.spring-boot.actuator.v2+json || application/json]}" onto public java.lang.Object org.springframework.boot.actuate.endpoint.web.servlet.AbstractWebMvcEndpointHandlerMapping$OperationHandler.handle(javax.servlet.http.HttpServletRequest,java.util.Map<java.lang.String, java.lang.String>)
2018-12-02 13:09:00.231 [main] INFO  o.s.b.a.e.web.servlet.WebMvcEndpointHandlerMapping - Mapped "{[/actuator/auditevents],methods=[GET],produces=[application/vnd.spring-boot.actuator.v2+json || application/json]}" onto public java.lang.Object org.springframework.boot.actuate.endpoint.web.servlet.AbstractWebMvcEndpointHandlerMapping$OperationHandler.handle(javax.servlet.http.HttpServletRequest,java.util.Map<java.lang.String, java.lang.String>)
2018-12-02 13:09:00.233 [main] INFO  o.s.b.a.e.web.servlet.WebMvcEndpointHandlerMapping - Mapped "{[/actuator/beans],methods=[GET],produces=[application/vnd.spring-boot.actuator.v2+json || application/json]}" onto public java.lang.Object org.springframework.boot.actuate.endpoint.web.servlet.AbstractWebMvcEndpointHandlerMapping$OperationHandler.handle(javax.servlet.http.HttpServletRequest,java.util.Map<java.lang.String, java.lang.String>)
2018-12-02 13:09:00.235 [main] INFO  o.s.b.a.e.web.servlet.WebMvcEndpointHandlerMapping - Mapped "{[/actuator/health],methods=[GET],produces=[application/vnd.spring-boot.actuator.v2+json || application/json]}" onto public java.lang.Object org.springframework.boot.actuate.endpoint.web.servlet.AbstractWebMvcEndpointHandlerMapping$OperationHandler.handle(javax.servlet.http.HttpServletRequest,java.util.Map<java.lang.String, java.lang.String>)
2018-12-02 13:09:00.236 [main] INFO  o.s.b.a.e.web.servlet.WebMvcEndpointHandlerMapping - Mapped "{[/actuator/conditions],methods=[GET],produces=[application/vnd.spring-boot.actuator.v2+json || application/json]}" onto public java.lang.Object org.springframework.boot.actuate.endpoint.web.servlet.AbstractWebMvcEndpointHandlerMapping$OperationHandler.handle(javax.servlet.http.HttpServletRequest,java.util.Map<java.lang.String, java.lang.String>)
2018-12-02 13:09:00.238 [main] INFO  o.s.b.a.e.web.servlet.WebMvcEndpointHandlerMapping - Mapped "{[/actuator/configprops],methods=[GET],produces=[application/vnd.spring-boot.actuator.v2+json || application/json]}" onto public java.lang.Object org.springframework.boot.actuate.endpoint.web.servlet.AbstractWebMvcEndpointHandlerMapping$OperationHandler.handle(javax.servlet.http.HttpServletRequest,java.util.Map<java.lang.String, java.lang.String>)
2018-12-02 13:09:00.239 [main] INFO  o.s.b.a.e.web.servlet.WebMvcEndpointHandlerMapping - Mapped "{[/actuator/env],methods=[GET],produces=[application/vnd.spring-boot.actuator.v2+json || application/json]}" onto public java.lang.Object org.springframework.boot.actuate.endpoint.web.servlet.AbstractWebMvcEndpointHandlerMapping$OperationHandler.handle(javax.servlet.http.HttpServletRequest,java.util.Map<java.lang.String, java.lang.String>)
2018-12-02 13:09:00.241 [main] INFO  o.s.b.a.e.web.servlet.WebMvcEndpointHandlerMapping - Mapped "{[/actuator/env/{toMatch}],methods=[GET],produces=[application/vnd.spring-boot.actuator.v2+json || application/json]}" onto public java.lang.Object org.springframework.boot.actuate.endpoint.web.servlet.AbstractWebMvcEndpointHandlerMapping$OperationHandler.handle(javax.servlet.http.HttpServletRequest,java.util.Map<java.lang.String, java.lang.String>)
2018-12-02 13:09:00.243 [main] INFO  o.s.b.a.e.web.servlet.WebMvcEndpointHandlerMapping - Mapped "{[/actuator/env],methods=[POST],consumes=[application/vnd.spring-boot.actuator.v2+json || application/json],produces=[application/vnd.spring-boot.actuator.v2+json || application/json]}" onto public java.lang.Object org.springframework.boot.actuate.endpoint.web.servlet.AbstractWebMvcEndpointHandlerMapping$OperationHandler.handle(javax.servlet.http.HttpServletRequest,java.util.Map<java.lang.String, java.lang.String>)
2018-12-02 13:09:00.245 [main] INFO  o.s.b.a.e.web.servlet.WebMvcEndpointHandlerMapping - Mapped "{[/actuator/env],methods=[DELETE],produces=[application/vnd.spring-boot.actuator.v2+json || application/json]}" onto public java.lang.Object org.springframework.boot.actuate.endpoint.web.servlet.AbstractWebMvcEndpointHandlerMapping$OperationHandler.handle(javax.servlet.http.HttpServletRequest,java.util.Map<java.lang.String, java.lang.String>)
2018-12-02 13:09:00.246 [main] INFO  o.s.b.a.e.web.servlet.WebMvcEndpointHandlerMapping - Mapped "{[/actuator/info],methods=[GET],produces=[application/vnd.spring-boot.actuator.v2+json || application/json]}" onto public java.lang.Object org.springframework.boot.actuate.endpoint.web.servlet.AbstractWebMvcEndpointHandlerMapping$OperationHandler.handle(javax.servlet.http.HttpServletRequest,java.util.Map<java.lang.String, java.lang.String>)
2018-12-02 13:09:00.249 [main] INFO  o.s.b.a.e.web.servlet.WebMvcEndpointHandlerMapping - Mapped "{[/actuator/loggers],methods=[GET],produces=[application/vnd.spring-boot.actuator.v2+json || application/json]}" onto public java.lang.Object org.springframework.boot.actuate.endpoint.web.servlet.AbstractWebMvcEndpointHandlerMapping$OperationHandler.handle(javax.servlet.http.HttpServletRequest,java.util.Map<java.lang.String, java.lang.String>)
2018-12-02 13:09:00.250 [main] INFO  o.s.b.a.e.web.servlet.WebMvcEndpointHandlerMapping - Mapped "{[/actuator/loggers/{name}],methods=[POST],consumes=[application/vnd.spring-boot.actuator.v2+json || application/json]}" onto public java.lang.Object org.springframework.boot.actuate.endpoint.web.servlet.AbstractWebMvcEndpointHandlerMapping$OperationHandler.handle(javax.servlet.http.HttpServletRequest,java.util.Map<java.lang.String, java.lang.String>)
2018-12-02 13:09:00.252 [main] INFO  o.s.b.a.e.web.servlet.WebMvcEndpointHandlerMapping - Mapped "{[/actuator/loggers/{name}],methods=[GET],produces=[application/vnd.spring-boot.actuator.v2+json || application/json]}" onto public java.lang.Object org.springframework.boot.actuate.endpoint.web.servlet.AbstractWebMvcEndpointHandlerMapping$OperationHandler.handle(javax.servlet.http.HttpServletRequest,java.util.Map<java.lang.String, java.lang.String>)
2018-12-02 13:09:00.254 [main] INFO  o.s.b.a.e.web.servlet.WebMvcEndpointHandlerMapping - Mapped "{[/actuator/heapdump],methods=[GET],produces=[application/octet-stream]}" onto public java.lang.Object org.springframework.boot.actuate.endpoint.web.servlet.AbstractWebMvcEndpointHandlerMapping$OperationHandler.handle(javax.servlet.http.HttpServletRequest,java.util.Map<java.lang.String, java.lang.String>)
2018-12-02 13:09:00.255 [main] INFO  o.s.b.a.e.web.servlet.WebMvcEndpointHandlerMapping - Mapped "{[/actuator/threaddump],methods=[GET],produces=[application/vnd.spring-boot.actuator.v2+json || application/json]}" onto public java.lang.Object org.springframework.boot.actuate.endpoint.web.servlet.AbstractWebMvcEndpointHandlerMapping$OperationHandler.handle(javax.servlet.http.HttpServletRequest,java.util.Map<java.lang.String, java.lang.String>)
2018-12-02 13:09:00.257 [main] INFO  o.s.b.a.e.web.servlet.WebMvcEndpointHandlerMapping - Mapped "{[/actuator/metrics/{requiredMetricName}],methods=[GET],produces=[application/vnd.spring-boot.actuator.v2+json || application/json]}" onto public java.lang.Object org.springframework.boot.actuate.endpoint.web.servlet.AbstractWebMvcEndpointHandlerMapping$OperationHandler.handle(javax.servlet.http.HttpServletRequest,java.util.Map<java.lang.String, java.lang.String>)
2018-12-02 13:09:00.258 [main] INFO  o.s.b.a.e.web.servlet.WebMvcEndpointHandlerMapping - Mapped "{[/actuator/metrics],methods=[GET],produces=[application/vnd.spring-boot.actuator.v2+json || application/json]}" onto public java.lang.Object org.springframework.boot.actuate.endpoint.web.servlet.AbstractWebMvcEndpointHandlerMapping$OperationHandler.handle(javax.servlet.http.HttpServletRequest,java.util.Map<java.lang.String, java.lang.String>)
2018-12-02 13:09:00.259 [main] INFO  o.s.b.a.e.web.servlet.WebMvcEndpointHandlerMapping - Mapped "{[/actuator/scheduledtasks],methods=[GET],produces=[application/vnd.spring-boot.actuator.v2+json || application/json]}" onto public java.lang.Object org.springframework.boot.actuate.endpoint.web.servlet.AbstractWebMvcEndpointHandlerMapping$OperationHandler.handle(javax.servlet.http.HttpServletRequest,java.util.Map<java.lang.String, java.lang.String>)
2018-12-02 13:09:00.260 [main] INFO  o.s.b.a.e.web.servlet.WebMvcEndpointHandlerMapping - Mapped "{[/actuator/httptrace],methods=[GET],produces=[application/vnd.spring-boot.actuator.v2+json || application/json]}" onto public java.lang.Object org.springframework.boot.actuate.endpoint.web.servlet.AbstractWebMvcEndpointHandlerMapping$OperationHandler.handle(javax.servlet.http.HttpServletRequest,java.util.Map<java.lang.String, java.lang.String>)
2018-12-02 13:09:00.262 [main] INFO  o.s.b.a.e.web.servlet.WebMvcEndpointHandlerMapping - Mapped "{[/actuator/mappings],methods=[GET],produces=[application/vnd.spring-boot.actuator.v2+json || application/json]}" onto public java.lang.Object org.springframework.boot.actuate.endpoint.web.servlet.AbstractWebMvcEndpointHandlerMapping$OperationHandler.handle(javax.servlet.http.HttpServletRequest,java.util.Map<java.lang.String, java.lang.String>)
2018-12-02 13:09:00.264 [main] INFO  o.s.b.a.e.web.servlet.WebMvcEndpointHandlerMapping - Mapped "{[/actuator/refresh],methods=[POST],produces=[application/vnd.spring-boot.actuator.v2+json || application/json]}" onto public java.lang.Object org.springframework.boot.actuate.endpoint.web.servlet.AbstractWebMvcEndpointHandlerMapping$OperationHandler.handle(javax.servlet.http.HttpServletRequest,java.util.Map<java.lang.String, java.lang.String>)
2018-12-02 13:09:00.265 [main] INFO  o.s.b.a.e.web.servlet.WebMvcEndpointHandlerMapping - Mapped "{[/actuator/features],methods=[GET],produces=[application/vnd.spring-boot.actuator.v2+json || application/json]}" onto public java.lang.Object org.springframework.boot.actuate.endpoint.web.servlet.AbstractWebMvcEndpointHandlerMapping$OperationHandler.handle(javax.servlet.http.HttpServletRequest,java.util.Map<java.lang.String, java.lang.String>)
2018-12-02 13:09:00.266 [main] INFO  o.s.b.a.e.web.servlet.WebMvcEndpointHandlerMapping - Mapped "{[/actuator/service-registry],methods=[GET],produces=[application/vnd.spring-boot.actuator.v2+json || application/json]}" onto public java.lang.Object org.springframework.boot.actuate.endpoint.web.servlet.AbstractWebMvcEndpointHandlerMapping$OperationHandler.handle(javax.servlet.http.HttpServletRequest,java.util.Map<java.lang.String, java.lang.String>)
2018-12-02 13:09:00.267 [main] INFO  o.s.b.a.e.web.servlet.WebMvcEndpointHandlerMapping - Mapped "{[/actuator/service-registry],methods=[POST],consumes=[application/vnd.spring-boot.actuator.v2+json || application/json],produces=[application/vnd.spring-boot.actuator.v2+json || application/json]}" onto public java.lang.Object org.springframework.boot.actuate.endpoint.web.servlet.AbstractWebMvcEndpointHandlerMapping$OperationHandler.handle(javax.servlet.http.HttpServletRequest,java.util.Map<java.lang.String, java.lang.String>)
2018-12-02 13:09:00.269 [main] INFO  o.s.b.a.e.web.servlet.WebMvcEndpointHandlerMapping - Mapped "{[/actuator],methods=[GET],produces=[application/vnd.spring-boot.actuator.v2+json || application/json]}" onto protected java.util.Map<java.lang.String, java.util.Map<java.lang.String, org.springframework.boot.actuate.endpoint.web.Link>> org.springframework.boot.actuate.endpoint.web.servlet.WebMvcEndpointHandlerMapping.links(javax.servlet.http.HttpServletRequest,javax.servlet.http.HttpServletResponse)
2018-12-02 13:09:00.346 [main] INFO  o.s.jmx.export.annotation.AnnotationMBeanExporter - Registering beans for JMX exposure on startup
2018-12-02 13:09:00.348 [main] INFO  o.s.jmx.export.annotation.AnnotationMBeanExporter - Bean with name 'dataSource' has been autodetected for JMX exposure
2018-12-02 13:09:00.357 [main] INFO  o.s.jmx.export.annotation.AnnotationMBeanExporter - Bean with name 'connectionFactory' has been autodetected for JMX exposure
2018-12-02 13:09:00.359 [main] INFO  o.s.jmx.export.annotation.AnnotationMBeanExporter - Bean with name 'environmentManager' has been autodetected for JMX exposure
2018-12-02 13:09:00.361 [main] INFO  o.s.jmx.export.annotation.AnnotationMBeanExporter - Bean with name 'refreshScope' has been autodetected for JMX exposure
2018-12-02 13:09:00.364 [main] INFO  o.s.jmx.export.annotation.AnnotationMBeanExporter - Bean with name 'configurationPropertiesRebinder' has been autodetected for JMX exposure
2018-12-02 13:09:00.367 [main] INFO  o.s.jmx.export.annotation.AnnotationMBeanExporter - Located managed bean 'environmentManager': registering with JMX server as MBean [org.springframework.cloud.context.environment:name=environmentManager,type=EnvironmentManager]
2018-12-02 13:09:00.376 [main] INFO  o.s.jmx.export.annotation.AnnotationMBeanExporter - Located managed bean 'connectionFactory': registering with JMX server as MBean [org.springframework.amqp.rabbit.connection:name=connectionFactory,type=CachingConnectionFactory]
2018-12-02 13:09:00.389 [main] INFO  o.s.jmx.export.annotation.AnnotationMBeanExporter - Located managed bean 'refreshScope': registering with JMX server as MBean [org.springframework.cloud.context.scope.refresh:name=refreshScope,type=RefreshScope]
2018-12-02 13:09:00.399 [main] INFO  o.s.jmx.export.annotation.AnnotationMBeanExporter - Located managed bean 'configurationPropertiesRebinder': registering with JMX server as MBean [org.springframework.cloud.context.properties:name=configurationPropertiesRebinder,context=26aa12dd,type=ConfigurationPropertiesRebinder]
2018-12-02 13:09:00.407 [main] INFO  o.s.jmx.export.annotation.AnnotationMBeanExporter - Located MBean 'dataSource': registering with JMX server as MBean [com.alibaba.druid.pool:name=dataSource,type=DruidDataSource]
2018-12-02 13:09:00.416 [main] INFO  o.s.context.support.DefaultLifecycleProcessor - Starting beans in phase 0
2018-12-02 13:09:00.433 [main] INFO  o.s.cloud.netflix.eureka.InstanceInfoFactory - Setting initial instance status as: STARTING
2018-12-02 13:09:00.684 [main] INFO  com.netflix.discovery.DiscoveryClient - Initializing Eureka in region us-east-1
2018-12-02 13:09:01.240 [main] INFO  c.n.discovery.provider.DiscoveryJerseyProvider - Using JSON encoding codec LegacyJacksonJson
2018-12-02 13:09:01.242 [main] INFO  c.n.discovery.provider.DiscoveryJerseyProvider - Using JSON decoding codec LegacyJacksonJson
2018-12-02 13:09:01.384 [main] INFO  c.n.discovery.provider.DiscoveryJerseyProvider - Using XML encoding codec XStreamXml
2018-12-02 13:09:01.386 [main] INFO  c.n.discovery.provider.DiscoveryJerseyProvider - Using XML decoding codec XStreamXml
2018-12-02 13:09:01.670 [main] INFO  c.n.d.shared.resolver.aws.ConfigClusterResolver - Resolving eureka endpoints via configuration
2018-12-02 13:09:02.082 [main] INFO  com.netflix.discovery.DiscoveryClient - Disable delta property : false
2018-12-02 13:09:02.084 [main] INFO  com.netflix.discovery.DiscoveryClient - Single vip registry refresh property : null
2018-12-02 13:09:02.085 [main] INFO  com.netflix.discovery.DiscoveryClient - Force full registry fetch : false
2018-12-02 13:09:02.086 [main] INFO  com.netflix.discovery.DiscoveryClient - Application is null : false
2018-12-02 13:09:02.087 [main] INFO  com.netflix.discovery.DiscoveryClient - Registered Applications size is zero : true
2018-12-02 13:09:02.088 [main] INFO  com.netflix.discovery.DiscoveryClient - Application version is -1: true
2018-12-02 13:09:02.089 [main] INFO  com.netflix.discovery.DiscoveryClient - Getting all instance registry info from the eureka server
2018-12-02 13:09:02.232 [main] INFO  com.netflix.discovery.DiscoveryClient - The response status is 200
2018-12-02 13:09:02.236 [main] INFO  com.netflix.discovery.DiscoveryClient - Starting heartbeat executor: renew interval is: 10
2018-12-02 13:09:02.239 [main] INFO  com.netflix.discovery.InstanceInfoReplicator - InstanceInfoReplicator onDemand update allowed rate per min is 4
2018-12-02 13:09:02.243 [main] INFO  com.netflix.discovery.DiscoveryClient - Discovery Client initialized at timestamp 1543727342242 with initial instances count: 4
2018-12-02 13:09:02.252 [main] INFO  o.s.c.n.e.serviceregistry.EurekaServiceRegistry - Registering application LOGGER with eureka with status UP
2018-12-02 13:09:02.254 [main] INFO  com.netflix.discovery.DiscoveryClient - Saw local status change event StatusChangeEvent [timestamp=1543727342254, current=UP, previous=STARTING]
2018-12-02 13:09:02.258 [main] INFO  o.s.context.support.DefaultLifecycleProcessor - Starting beans in phase 2147483647
2018-12-02 13:09:02.256 [DiscoveryClient-InstanceInfoReplicator-0] INFO  com.netflix.discovery.DiscoveryClient - DiscoveryClient_LOGGER/localhost:logger:4001: registering service...
2018-12-02 13:09:02.275 [SimpleAsyncTaskExecutor-1] INFO  o.s.a.rabbit.connection.CachingConnectionFactory - Attempting to connect to: 127.0.0.1:5672
2018-12-02 13:09:02.316 [DiscoveryClient-InstanceInfoReplicator-0] INFO  com.netflix.discovery.DiscoveryClient - DiscoveryClient_LOGGER/localhost:logger:4001 - registration status: 204
2018-12-02 13:09:02.388 [SimpleAsyncTaskExecutor-1] INFO  o.s.a.rabbit.connection.CachingConnectionFactory - Created new connection: connectionFactory#53afafb3:0/SimpleConnection@1be95eb5 [delegate=amqp://guest@127.0.0.1:5672/, localPort= 49811]
2018-12-02 13:09:02.396 [SimpleAsyncTaskExecutor-1] INFO  org.springframework.amqp.rabbit.core.RabbitAdmin - Auto-declaring a non-durable, auto-delete, or exclusive Queue (syslog) durable:false, auto-delete:false, exclusive:false. It will be redeclared if the broker stops and is restarted while the connection factory is alive, but all messages will be lost.
2018-12-02 13:09:02.518 [main] INFO  o.s.boot.web.embedded.tomcat.TomcatWebServer - Tomcat started on port(s): 4001 (http) with context path ''
2018-12-02 13:09:02.520 [main] INFO  o.s.c.n.e.s.EurekaAutoServiceRegistration - Updating port to 4001
2018-12-02 13:09:02.525 [main] INFO  com.beidou.logger.LoggerApplication - Started LoggerApplication in 18.256 seconds (JVM running for 18.912)
2018-12-02 13:09:59.832 [http-nio-4001-exec-10] INFO  o.a.c.core.ContainerBase.[Tomcat].[localhost].[/] - Initializing Spring FrameworkServlet 'dispatcherServlet'
2018-12-02 13:09:59.834 [http-nio-4001-exec-10] INFO  org.springframework.web.servlet.DispatcherServlet - FrameworkServlet 'dispatcherServlet': initialization started
2018-12-02 13:09:59.898 [http-nio-4001-exec-10] INFO  org.springframework.web.servlet.DispatcherServlet - FrameworkServlet 'dispatcherServlet': initialization completed in 63 ms
2018-12-02 13:10:00.226 [http-nio-4001-exec-10] INFO  o.s.c.c.client.ConfigServicePropertySourceLocator - Fetching config from server at : http://localhost:5000
2018-12-02 13:10:02.039 [http-nio-4001-exec-10] INFO  o.s.c.c.client.ConfigServicePropertySourceLocator - Located environment: name=logger, profiles=[default], label=null, version=null, state=null
2018-12-02 13:14:02.093 [AsyncResolver-bootstrap-executor-0] INFO  c.n.d.shared.resolver.aws.ConfigClusterResolver - Resolving eureka endpoints via configuration
2018-12-02 13:14:13.367 [SimpleAsyncTaskExecutor-1] INFO  com.beidou.logger.receiver.Receiver - Received <{"createdate":"2018-12-02 13:14:13","exception":"无异常","id":0,"ip":"0:0:0:0:0:0:0:1","method":"com.beidou.user.controller.CompanyController.getAll()","operation":"获取公司信息","requestmethod":"GET","result":"获取公司信息成功","time":79,"url":"/company","username":"root"}>
2018-12-02 13:14:13.454 [SimpleAsyncTaskExecutor-1] INFO  com.beidou.logger.service.SysLogService - 保存操作日志成功
2018-12-02 13:15:18.086 [http-nio-4001-exec-8] INFO  o.s.c.c.client.ConfigServicePropertySourceLocator - Fetching config from server at : http://localhost:5000
2018-12-02 13:15:19.590 [http-nio-4001-exec-8] INFO  o.s.c.c.client.ConfigServicePropertySourceLocator - Located environment: name=logger, profiles=[default], label=null, version=null, state=null
2018-12-02 13:16:06.793 [SimpleAsyncTaskExecutor-1] INFO  com.beidou.logger.receiver.Receiver - Received <{"createdate":"2018-12-02 13:16:06","exception":"无异常","id":0,"ip":"192.168.47.1","method":"com.beidou.user.controller.CompanyController.getAll()","operation":"获取公司信息","requestmethod":"GET","result":"获取公司信息成功","time":3,"url":"/company","username":"root"}>
2018-12-02 13:16:06.799 [SimpleAsyncTaskExecutor-1] INFO  com.beidou.logger.service.SysLogService - 保存操作日志成功
2018-12-02 13:16:34.719 [SimpleAsyncTaskExecutor-1] INFO  com.beidou.logger.receiver.Receiver - Received <{"createdate":"2018-12-02 13:16:34","exception":"无异常","id":0,"ip":"0:0:0:0:0:0:0:1","method":"com.beidou.user.controller.CompanyController.getAll()","operation":"获取公司信息","requestmethod":"GET","result":"获取公司信息成功","time":2,"url":"/company","username":"root"}>
2018-12-02 13:16:34.725 [SimpleAsyncTaskExecutor-1] INFO  com.beidou.logger.service.SysLogService - 保存操作日志成功
2018-12-02 13:19:02.097 [AsyncResolver-bootstrap-executor-0] INFO  c.n.d.shared.resolver.aws.ConfigClusterResolver - Resolving eureka endpoints via configuration
2018-12-02 13:19:23.803 [SimpleAsyncTaskExecutor-1] INFO  com.beidou.logger.receiver.Receiver - Received <{"createdate":"2018-12-02 13:19:23","exception":"无异常","id":0,"ip":"0:0:0:0:0:0:0:1","method":"com.beidou.user.controller.UserController.getList()","operation":"获取用户信息列表","params":"1","requestmethod":"GET","result":"获取用户信息列表成功","time":57,"url":"/users","username":"root"}>
2018-12-02 13:19:23.810 [SimpleAsyncTaskExecutor-1] INFO  com.beidou.logger.service.SysLogService - 保存操作日志成功
2018-12-02 13:20:32.666 [SimpleAsyncTaskExecutor-1] INFO  com.beidou.logger.receiver.Receiver - Received <{"createdate":"2018-12-02 13:20:32","exception":"无异常","id":0,"ip":"0:0:0:0:0:0:0:1","method":"com.beidou.user.controller.UserController.getList()","operation":"获取用户信息列表","params":"1","requestmethod":"GET","result":"获取用户信息列表成功","time":3,"url":"/users","username":"root"}>
2018-12-02 13:20:32.675 [SimpleAsyncTaskExecutor-1] INFO  com.beidou.logger.service.SysLogService - 保存操作日志成功
2018-12-02 13:20:38.075 [http-nio-4001-exec-1] INFO  o.s.c.c.client.ConfigServicePropertySourceLocator - Fetching config from server at : http://localhost:5000
2018-12-02 13:20:39.566 [http-nio-4001-exec-1] INFO  o.s.c.c.client.ConfigServicePropertySourceLocator - Located environment: name=logger, profiles=[default], label=null, version=null, state=null
2018-12-02 13:23:00.886 [SimpleAsyncTaskExecutor-1] INFO  com.beidou.logger.receiver.Receiver - Received <{"createdate":"2018-12-02 13:23:00","exception":"无异常","id":0,"ip":"0:0:0:0:0:0:0:1","method":"com.beidou.user.controller.UserController.getList()","operation":"获取用户信息列表","params":"1","requestmethod":"GET","result":"获取用户信息列表成功","time":5,"url":"/users","username":"root"}>
2018-12-02 13:23:00.890 [SimpleAsyncTaskExecutor-1] INFO  com.beidou.logger.service.SysLogService - 保存操作日志成功
2018-12-02 13:23:01.666 [SimpleAsyncTaskExecutor-1] INFO  com.beidou.logger.receiver.Receiver - Received <{"createdate":"2018-12-02 13:23:01","exception":"无异常","id":0,"ip":"0:0:0:0:0:0:0:1","method":"com.beidou.user.controller.RoleController.getAll()","operation":"获取角色信息列表","params":"1","requestmethod":"GET","result":"获取角色信息列表成功","time":27,"url":"/roles","username":"root"}>
2018-12-02 13:23:01.671 [SimpleAsyncTaskExecutor-1] INFO  com.beidou.logger.service.SysLogService - 保存操作日志成功
2018-12-02 13:23:31.364 [SimpleAsyncTaskExecutor-1] INFO  com.beidou.logger.receiver.Receiver - Received <{"createdate":"2018-12-02 13:23:31","exception":"无异常","id":0,"ip":"0:0:0:0:0:0:0:1","method":"com.beidou.user.controller.RoleController.searchByName()","operation":"查找角色","params":"1\"角色1\"","requestmethod":"GET","result":"获取角色信息列表成功","time":27,"url":"/role/searchByName","username":"root"}>
2018-12-02 13:23:31.369 [SimpleAsyncTaskExecutor-1] INFO  com.beidou.logger.service.SysLogService - 保存操作日志成功
2018-12-02 13:23:34.162 [SimpleAsyncTaskExecutor-1] INFO  com.beidou.logger.receiver.Receiver - Received <{"createdate":"2018-12-02 13:23:34","exception":"无异常","id":0,"ip":"0:0:0:0:0:0:0:1","method":"com.beidou.user.controller.RoleController.searchByName()","operation":"查找角色","params":"1\"\"","requestmethod":"GET","result":"获取角色信息列表成功","time":5,"url":"/role/searchByName","username":"root"}>
2018-12-02 13:23:34.166 [SimpleAsyncTaskExecutor-1] INFO  com.beidou.logger.service.SysLogService - 保存操作日志成功
2018-12-02 13:23:41.088 [SimpleAsyncTaskExecutor-1] INFO  com.beidou.logger.receiver.Receiver - Received <{"createdate":"2018-12-02 13:23:41","exception":"无异常","id":0,"ip":"0:0:0:0:0:0:0:1","method":"com.beidou.user.controller.RoleController.searchByName()","operation":"查找角色","params":"1\"role1\"","requestmethod":"GET","result":"获取角色信息列表成功","time":3,"url":"/role/searchByName","username":"root"}>
2018-12-02 13:23:41.094 [SimpleAsyncTaskExecutor-1] INFO  com.beidou.logger.service.SysLogService - 保存操作日志成功
2018-12-02 13:24:02.099 [AsyncResolver-bootstrap-executor-0] INFO  c.n.d.shared.resolver.aws.ConfigClusterResolver - Resolving eureka endpoints via configuration
2018-12-02 13:24:14.807 [SimpleAsyncTaskExecutor-1] INFO  com.beidou.logger.receiver.Receiver - Received <{"createdate":"2018-12-02 13:24:14","exception":"无异常","id":0,"ip":"0:0:0:0:0:0:0:1","method":"com.beidou.user.controller.UserController.getList()","operation":"获取用户信息列表","params":"1","requestmethod":"GET","result":"获取用户信息列表成功","time":3,"url":"/users","username":"root"}>
2018-12-02 13:24:14.817 [SimpleAsyncTaskExecutor-1] INFO  com.beidou.logger.service.SysLogService - 保存操作日志成功
2018-12-02 13:24:15.339 [SimpleAsyncTaskExecutor-1] INFO  com.beidou.logger.receiver.Receiver - Received <{"createdate":"2018-12-02 13:24:15","exception":"无异常","id":0,"ip":"0:0:0:0:0:0:0:1","method":"com.beidou.user.controller.CompanyController.getList()","operation":"获取公司信息列表","params":"1","requestmethod":"GET","result":"获取公司信息列表成功","time":5,"url":"/companys","username":"root"}>
2018-12-02 13:24:15.349 [SimpleAsyncTaskExecutor-1] INFO  com.beidou.logger.service.SysLogService - 保存操作日志成功
2018-12-02 13:24:20.608 [SimpleAsyncTaskExecutor-1] INFO  com.beidou.logger.receiver.Receiver - Received <{"createdate":"2018-12-02 13:24:20","exception":"无异常","id":0,"ip":"0:0:0:0:0:0:0:1","method":"com.beidou.user.controller.CompanyController.searchByName()","operation":"查找公司","params":"1\"公司1\"","requestmethod":"GET","result":"查找公司成功","time":5,"url":"/company/searchByName","username":"root"}>
2018-12-02 13:24:20.614 [SimpleAsyncTaskExecutor-1] INFO  com.beidou.logger.service.SysLogService - 保存操作日志成功
2018-12-02 13:24:33.392 [SimpleAsyncTaskExecutor-1] INFO  com.beidou.logger.receiver.Receiver - Received <{"createdate":"2018-12-02 13:24:33","exception":"无异常","id":0,"ip":"0:0:0:0:0:0:0:1","method":"com.beidou.user.controller.UserController.getList()","operation":"获取用户信息列表","params":"1","requestmethod":"GET","result":"获取用户信息列表成功","time":3,"url":"/users","username":"root"}>
2018-12-02 13:24:33.398 [SimpleAsyncTaskExecutor-1] INFO  com.beidou.logger.service.SysLogService - 保存操作日志成功
2018-12-02 13:24:34.070 [SimpleAsyncTaskExecutor-1] INFO  com.beidou.logger.receiver.Receiver - Received <{"createdate":"2018-12-02 13:24:34","exception":"无异常","id":0,"ip":"0:0:0:0:0:0:0:1","method":"com.beidou.user.controller.DeptController.getList()","operation":"获取部门信息列表","params":"1","requestmethod":"GET","result":"获取部门信息列表成功","time":10,"url":"/depts","username":"root"}>
2018-12-02 13:24:34.079 [SimpleAsyncTaskExecutor-1] INFO  com.beidou.logger.service.SysLogService - 保存操作日志成功
2018-12-02 13:24:37.720 [SimpleAsyncTaskExecutor-1] INFO  com.beidou.logger.receiver.Receiver - Received <{"createdate":"2018-12-02 13:24:37","exception":"无异常","id":0,"ip":"0:0:0:0:0:0:0:1","method":"com.beidou.user.controller.DeptController.searchByName()","operation":"查找部门","params":"1\"部门1\"","requestmethod":"GET","result":"查找部门成功","time":4,"url":"/dept/searchByName","username":"root"}>
2018-12-02 13:24:37.727 [SimpleAsyncTaskExecutor-1] INFO  com.beidou.logger.service.SysLogService - 保存操作日志成功
2018-12-02 13:24:57.138 [SimpleAsyncTaskExecutor-1] INFO  com.beidou.logger.receiver.Receiver - Received <{"createdate":"2018-12-02 13:24:57","exception":"无异常","id":0,"ip":"0:0:0:0:0:0:0:1","method":"com.beidou.user.controller.UserController.getList()","operation":"获取用户信息列表","params":"1","requestmethod":"GET","result":"获取用户信息列表成功","time":2,"url":"/users","username":"root"}>
2018-12-02 13:24:57.144 [SimpleAsyncTaskExecutor-1] INFO  com.beidou.logger.service.SysLogService - 保存操作日志成功
2018-12-02 13:25:04.693 [SimpleAsyncTaskExecutor-1] INFO  com.beidou.logger.receiver.Receiver - Received <{"createdate":"2018-12-02 13:25:04","exception":"无异常","id":0,"ip":"0:0:0:0:0:0:0:1","method":"com.beidou.user.controller.UserController.getList()","operation":"获取用户信息列表","params":"1","requestmethod":"GET","result":"获取用户信息列表成功","time":2,"url":"/users","username":"root"}>
2018-12-02 13:25:04.697 [SimpleAsyncTaskExecutor-1] INFO  com.beidou.logger.service.SysLogService - 保存操作日志成功
2018-12-02 13:25:05.300 [SimpleAsyncTaskExecutor-1] INFO  com.beidou.logger.receiver.Receiver - Received <{"createdate":"2018-12-02 13:25:05","exception":"无异常","id":0,"ip":"0:0:0:0:0:0:0:1","method":"com.beidou.user.controller.UserController.getList()","operation":"获取用户信息列表","params":"1","requestmethod":"GET","result":"获取用户信息列表成功","time":6,"url":"/users","username":"root"}>
2018-12-02 13:25:05.306 [SimpleAsyncTaskExecutor-1] INFO  com.beidou.logger.service.SysLogService - 保存操作日志成功
2018-12-02 13:25:38.077 [http-nio-4001-exec-6] INFO  o.s.c.c.client.ConfigServicePropertySourceLocator - Fetching config from server at : http://localhost:5000
2018-12-02 13:25:39.551 [http-nio-4001-exec-6] INFO  o.s.c.c.client.ConfigServicePropertySourceLocator - Located environment: name=logger, profiles=[default], label=null, version=null, state=null
2018-12-02 13:29:02.101 [AsyncResolver-bootstrap-executor-0] INFO  c.n.d.shared.resolver.aws.ConfigClusterResolver - Resolving eureka endpoints via configuration
2018-12-02 13:30:38.076 [http-nio-4001-exec-1] INFO  o.s.c.c.client.ConfigServicePropertySourceLocator - Fetching config from server at : http://localhost:5000
2018-12-02 13:30:39.556 [http-nio-4001-exec-1] INFO  o.s.c.c.client.ConfigServicePropertySourceLocator - Located environment: name=logger, profiles=[default], label=null, version=null, state=null
2018-12-02 13:34:02.103 [AsyncResolver-bootstrap-executor-0] INFO  c.n.d.shared.resolver.aws.ConfigClusterResolver - Resolving eureka endpoints via configuration
2018-12-02 13:35:58.074 [http-nio-4001-exec-5] INFO  o.s.c.c.client.ConfigServicePropertySourceLocator - Fetching config from server at : http://localhost:5000
2018-12-02 13:35:59.549 [http-nio-4001-exec-5] INFO  o.s.c.c.client.ConfigServicePropertySourceLocator - Located environment: name=logger, profiles=[default], label=null, version=null, state=null
2018-12-02 13:39:02.105 [AsyncResolver-bootstrap-executor-0] INFO  c.n.d.shared.resolver.aws.ConfigClusterResolver - Resolving eureka endpoints via configuration
2018-12-02 13:41:18.076 [http-nio-4001-exec-10] INFO  o.s.c.c.client.ConfigServicePropertySourceLocator - Fetching config from server at : http://localhost:5000
2018-12-02 13:41:19.577 [http-nio-4001-exec-10] INFO  o.s.c.c.client.ConfigServicePropertySourceLocator - Located environment: name=logger, profiles=[default], label=null, version=null, state=null
2018-12-02 13:44:02.116 [AsyncResolver-bootstrap-executor-0] INFO  c.n.d.shared.resolver.aws.ConfigClusterResolver - Resolving eureka endpoints via configuration
2018-12-02 13:46:18.076 [http-nio-4001-exec-4] INFO  o.s.c.c.client.ConfigServicePropertySourceLocator - Fetching config from server at : http://localhost:5000
2018-12-02 13:46:19.563 [http-nio-4001-exec-4] INFO  o.s.c.c.client.ConfigServicePropertySourceLocator - Located environment: name=logger, profiles=[default], label=null, version=null, state=null
2018-12-02 13:49:02.119 [AsyncResolver-bootstrap-executor-0] INFO  c.n.d.shared.resolver.aws.ConfigClusterResolver - Resolving eureka endpoints via configuration
2018-12-02 13:50:05.472 [SimpleAsyncTaskExecutor-1] INFO  com.beidou.logger.receiver.Receiver - Received <{"createdate":"2018-12-02 13:50:05","exception":"无异常","id":0,"ip":"0:0:0:0:0:0:0:1","method":"com.beidou.user.controller.UserController.getList()","operation":"获取用户信息列表","params":"1","requestmethod":"GET","result":"获取用户信息列表成功","time":3,"url":"/users","username":"root"}>
2018-12-02 13:50:05.476 [SimpleAsyncTaskExecutor-1] INFO  com.beidou.logger.service.SysLogService - 保存操作日志成功
2018-12-02 13:50:05.958 [SimpleAsyncTaskExecutor-1] INFO  com.beidou.logger.receiver.Receiver - Received <{"createdate":"2018-12-02 13:50:05","exception":"无异常","id":0,"ip":"0:0:0:0:0:0:0:1","method":"com.beidou.user.controller.UserController.getList()","operation":"获取用户信息列表","params":"1","requestmethod":"GET","result":"获取用户信息列表成功","time":3,"url":"/users","username":"root"}>
2018-12-02 13:50:05.966 [SimpleAsyncTaskExecutor-1] INFO  com.beidou.logger.service.SysLogService - 保存操作日志成功
2018-12-02 13:50:07.168 [SimpleAsyncTaskExecutor-1] INFO  com.beidou.logger.receiver.Receiver - Received <{"createdate":"2018-12-02 13:50:07","exception":"无异常","id":0,"ip":"0:0:0:0:0:0:0:1","method":"com.beidou.user.controller.CompanyController.getList()","operation":"获取公司信息列表","params":"1","requestmethod":"GET","result":"获取公司信息列表成功","time":3,"url":"/companys","username":"root"}>
2018-12-02 13:50:07.178 [SimpleAsyncTaskExecutor-1] INFO  com.beidou.logger.service.SysLogService - 保存操作日志成功
2018-12-02 13:50:08.623 [SimpleAsyncTaskExecutor-1] INFO  com.beidou.logger.receiver.Receiver - Received <{"createdate":"2018-12-02 13:50:08","exception":"无异常","id":0,"ip":"0:0:0:0:0:0:0:1","method":"com.beidou.user.controller.UserController.judgeUserName()","operation":"判断用户名重复","params":"\"admin\"","requestmethod":"GET","result":"用户名可用","time":6,"url":"/user/judgeUserName","username":"root"}>
2018-12-02 13:50:08.627 [SimpleAsyncTaskExecutor-1] INFO  com.beidou.logger.service.SysLogService - 保存操作日志成功
2018-12-02 13:50:23.014 [SimpleAsyncTaskExecutor-1] INFO  com.beidou.logger.receiver.Receiver - Received <{"createdate":"2018-12-02 13:50:23","exception":"无异常","id":0,"ip":"0:0:0:0:0:0:0:1","method":"com.beidou.user.controller.UserController.judgeUserName()","operation":"判断用户名重复","params":"\"用户1\"","requestmethod":"GET","result":"用户名已存在","time":2,"url":"/user/judgeUserName","username":"root"}>
2018-12-02 13:50:23.019 [SimpleAsyncTaskExecutor-1] INFO  com.beidou.logger.service.SysLogService - 保存操作日志成功
2018-12-02 13:51:05.038 [SimpleAsyncTaskExecutor-1] INFO  com.beidou.logger.receiver.Receiver - Received <{"createdate":"2018-12-02 13:51:05","exception":"无异常","id":0,"ip":"0:0:0:0:0:0:0:1","method":"com.beidou.user.controller.RoleController.getAll()","operation":"获取角色信息列表","params":"1","requestmethod":"GET","result":"获取角色信息列表成功","time":4,"url":"/roles","username":"root"}>
2018-12-02 13:51:05.044 [SimpleAsyncTaskExecutor-1] INFO  com.beidou.logger.service.SysLogService - 保存操作日志成功
2018-12-02 13:51:08.655 [SimpleAsyncTaskExecutor-1] INFO  com.beidou.logger.receiver.Receiver - Received <{"createdate":"2018-12-02 13:51:08","exception":"无异常","id":0,"ip":"0:0:0:0:0:0:0:1","method":"com.beidou.user.controller.RuleController.getList()","operation":"获取权限信息列表","params":"1","requestmethod":"GET","result":"获取权限信息列表成功","time":9,"url":"/rules","username":"root"}>
2018-12-02 13:51:08.661 [SimpleAsyncTaskExecutor-1] INFO  com.beidou.logger.service.SysLogService - 保存操作日志成功
2018-12-02 13:51:09.097 [SimpleAsyncTaskExecutor-1] INFO  com.beidou.logger.receiver.Receiver - Received <{"createdate":"2018-12-02 13:51:09","exception":"无异常","id":0,"ip":"0:0:0:0:0:0:0:1","method":"com.beidou.user.controller.CompanyController.getList()","operation":"获取公司信息列表","params":"1","requestmethod":"GET","result":"获取公司信息列表成功","time":2,"url":"/companys","username":"root"}>
2018-12-02 13:51:09.100 [SimpleAsyncTaskExecutor-1] INFO  com.beidou.logger.service.SysLogService - 保存操作日志成功
2018-12-02 13:51:10.985 [SimpleAsyncTaskExecutor-1] INFO  com.beidou.logger.receiver.Receiver - Received <{"createdate":"2018-12-02 13:51:10","exception":"无异常","id":0,"ip":"0:0:0:0:0:0:0:1","method":"com.beidou.user.controller.DeptController.getList()","operation":"获取部门信息列表","params":"1","requestmethod":"GET","result":"获取部门信息列表成功","time":3,"url":"/depts","username":"root"}>
2018-12-02 13:51:10.988 [SimpleAsyncTaskExecutor-1] INFO  com.beidou.logger.service.SysLogService - 保存操作日志成功
2018-12-02 13:51:14.824 [SimpleAsyncTaskExecutor-1] INFO  com.beidou.logger.receiver.Receiver - Received <{"createdate":"2018-12-02 13:51:14","exception":"无异常","id":0,"ip":"0:0:0:0:0:0:0:1","method":"com.beidou.user.controller.CompanyController.getList()","operation":"获取公司信息列表","params":"1","requestmethod":"GET","result":"获取公司信息列表成功","time":3,"url":"/companys","username":"root"}>
2018-12-02 13:51:14.831 [SimpleAsyncTaskExecutor-1] INFO  com.beidou.logger.service.SysLogService - 保存操作日志成功
2018-12-02 13:51:14.912 [SimpleAsyncTaskExecutor-1] INFO  com.beidou.logger.receiver.Receiver - Received <{"createdate":"2018-12-02 13:51:14","exception":"无异常","id":0,"ip":"0:0:0:0:0:0:0:1","method":"com.beidou.user.controller.DeptController.getById()","operation":"获取id对应的部门信息","params":"13","requestmethod":"GET","result":"获取部门信息成功","time":2,"url":"/dept/13","username":"root"}>
2018-12-02 13:51:14.917 [SimpleAsyncTaskExecutor-1] INFO  com.beidou.logger.service.SysLogService - 保存操作日志成功
2018-12-02 13:51:18.078 [http-nio-4001-exec-10] INFO  o.s.c.c.client.ConfigServicePropertySourceLocator - Fetching config from server at : http://localhost:5000
2018-12-02 13:51:19.556 [http-nio-4001-exec-10] INFO  o.s.c.c.client.ConfigServicePropertySourceLocator - Located environment: name=logger, profiles=[default], label=null, version=null, state=null
2018-12-02 13:51:23.101 [SimpleAsyncTaskExecutor-1] INFO  com.beidou.logger.receiver.Receiver - Received <{"createdate":"2018-12-02 13:51:23","exception":"无异常","id":0,"ip":"0:0:0:0:0:0:0:1","method":"com.beidou.user.controller.UserController.getList()","operation":"获取用户信息列表","params":"1","requestmethod":"GET","result":"获取用户信息列表成功","time":4,"url":"/users","username":"root"}>
2018-12-02 13:51:23.109 [SimpleAsyncTaskExecutor-1] INFO  com.beidou.logger.service.SysLogService - 保存操作日志成功
2018-12-02 13:51:24.358 [SimpleAsyncTaskExecutor-1] INFO  com.beidou.logger.receiver.Receiver - Received <{"createdate":"2018-12-02 13:51:24","exception":"无异常","id":0,"ip":"0:0:0:0:0:0:0:1","method":"com.beidou.user.controller.DeptController.getList()","operation":"获取部门信息列表","params":"1","requestmethod":"GET","result":"获取部门信息列表成功","time":3,"url":"/depts","username":"root"}>
2018-12-02 13:51:24.364 [SimpleAsyncTaskExecutor-1] INFO  com.beidou.logger.service.SysLogService - 保存操作日志成功
2018-12-02 13:51:25.476 [SimpleAsyncTaskExecutor-1] INFO  com.beidou.logger.receiver.Receiver - Received <{"createdate":"2018-12-02 13:51:25","exception":"无异常","id":0,"ip":"0:0:0:0:0:0:0:1","method":"com.beidou.user.controller.CompanyController.getList()","operation":"获取公司信息列表","params":"1","requestmethod":"GET","result":"获取公司信息列表成功","time":3,"url":"/companys","username":"root"}>
2018-12-02 13:51:25.486 [SimpleAsyncTaskExecutor-1] INFO  com.beidou.logger.service.SysLogService - 保存操作日志成功
2018-12-02 13:51:25.584 [SimpleAsyncTaskExecutor-1] INFO  com.beidou.logger.receiver.Receiver - Received <{"createdate":"2018-12-02 13:51:25","exception":"无异常","id":0,"ip":"0:0:0:0:0:0:0:1","method":"com.beidou.user.controller.DeptController.getById()","operation":"获取id对应的部门信息","params":"14","requestmethod":"GET","result":"获取部门信息成功","time":2,"url":"/dept/14","username":"root"}>
2018-12-02 13:51:25.591 [SimpleAsyncTaskExecutor-1] INFO  com.beidou.logger.service.SysLogService - 保存操作日志成功
2018-12-02 13:51:29.535 [SimpleAsyncTaskExecutor-1] INFO  com.beidou.logger.receiver.Receiver - Received <{"createdate":"2018-12-02 13:51:29","exception":"无异常","id":0,"ip":"0:0:0:0:0:0:0:1","method":"com.beidou.user.controller.CompanyController.getList()","operation":"获取公司信息列表","params":"1","requestmethod":"GET","result":"获取公司信息列表成功","time":2,"url":"/companys","username":"root"}>
2018-12-02 13:51:29.540 [SimpleAsyncTaskExecutor-1] INFO  com.beidou.logger.service.SysLogService - 保存操作日志成功
2018-12-02 13:51:29.644 [SimpleAsyncTaskExecutor-1] INFO  com.beidou.logger.receiver.Receiver - Received <{"createdate":"2018-12-02 13:51:29","exception":"无异常","id":0,"ip":"0:0:0:0:0:0:0:1","method":"com.beidou.user.controller.DeptController.getById()","operation":"获取id对应的部门信息","params":"13","requestmethod":"GET","result":"获取部门信息成功","time":1,"url":"/dept/13","username":"root"}>
2018-12-02 13:51:29.647 [SimpleAsyncTaskExecutor-1] INFO  com.beidou.logger.service.SysLogService - 保存操作日志成功
2018-12-02 13:52:11.560 [SimpleAsyncTaskExecutor-1] INFO  com.beidou.logger.receiver.Receiver - Received <{"createdate":"2018-12-02 13:52:11","exception":"无异常","id":0,"ip":"192.168.47.1","method":"com.beidou.user.controller.DeptController.getList()","operation":"获取部门信息列表","params":"1","requestmethod":"GET","result":"获取部门信息列表成功","time":3,"url":"/depts","username":"root"}>
2018-12-02 13:52:11.566 [SimpleAsyncTaskExecutor-1] INFO  com.beidou.logger.service.SysLogService - 保存操作日志成功
2018-12-02 13:52:43.666 [SimpleAsyncTaskExecutor-1] INFO  com.beidou.logger.receiver.Receiver - Received <{"createdate":"2018-12-02 13:52:43","exception":"无异常","id":0,"ip":"192.168.47.1","method":"com.beidou.user.controller.DeptController.searchByName()","operation":"查找部门","params":"1\"部门1\"","requestmethod":"GET","result":"查找部门成功","time":2,"url":"/dept/searchByName","username":"root"}>
2018-12-02 13:52:43.673 [SimpleAsyncTaskExecutor-1] INFO  com.beidou.logger.service.SysLogService - 保存操作日志成功
2018-12-02 13:52:53.013 [SimpleAsyncTaskExecutor-1] INFO  com.beidou.logger.receiver.Receiver - Received <{"createdate":"2018-12-02 13:52:53","exception":"无异常","id":0,"ip":"192.168.47.1","method":"com.beidou.user.controller.DeptController.getAll()","operation":"获取部门信息","params":"1\"部门1\"","requestmethod":"GET","result":"获取部门信息成功","time":1,"url":"/dept","username":"root"}>
2018-12-02 13:52:53.020 [SimpleAsyncTaskExecutor-1] INFO  com.beidou.logger.service.SysLogService - 保存操作日志成功
2018-12-02 13:53:05.000 [SimpleAsyncTaskExecutor-1] INFO  com.beidou.logger.receiver.Receiver - Received <{"createdate":"2018-12-02 13:53:04","exception":"无异常","id":0,"ip":"192.168.47.1","method":"com.beidou.user.controller.DeptController.getComDept()","operation":"获取公司部门","params":"137","requestmethod":"GET","result":"获取公司部门成功","time":3,"url":"/comDept","username":"root"}>
2018-12-02 13:53:05.012 [SimpleAsyncTaskExecutor-1] INFO  com.beidou.logger.service.SysLogService - 保存操作日志成功
2018-12-02 13:53:09.492 [SimpleAsyncTaskExecutor-1] INFO  com.beidou.logger.receiver.Receiver - Received <{"createdate":"2018-12-02 13:53:09","exception":"无异常","id":0,"ip":"192.168.47.1","method":"com.beidou.user.controller.DeptController.getComDept()","operation":"获取公司部门","params":"136","requestmethod":"GET","result":"获取公司部门成功","time":1,"url":"/comDept","username":"root"}>
2018-12-02 13:53:09.496 [SimpleAsyncTaskExecutor-1] INFO  com.beidou.logger.service.SysLogService - 保存操作日志成功
2018-12-02 13:53:18.043 [SimpleAsyncTaskExecutor-1] INFO  com.beidou.logger.receiver.Receiver - Received <{"createdate":"2018-12-02 13:53:18","exception":"无异常","id":0,"ip":"192.168.47.1","method":"com.beidou.user.controller.CompanyController.getList()","operation":"获取公司信息列表","params":"1","requestmethod":"GET","result":"获取公司信息列表成功","time":2,"url":"/companys","username":"root"}>
2018-12-02 13:53:18.050 [SimpleAsyncTaskExecutor-1] INFO  com.beidou.logger.service.SysLogService - 保存操作日志成功
2018-12-02 13:54:02.122 [AsyncResolver-bootstrap-executor-0] INFO  c.n.d.shared.resolver.aws.ConfigClusterResolver - Resolving eureka endpoints via configuration
2018-12-02 13:56:38.074 [http-nio-4001-exec-3] INFO  o.s.c.c.client.ConfigServicePropertySourceLocator - Fetching config from server at : http://localhost:5000
2018-12-02 13:56:39.545 [http-nio-4001-exec-3] INFO  o.s.c.c.client.ConfigServicePropertySourceLocator - Located environment: name=logger, profiles=[default], label=null, version=null, state=null
2018-12-02 13:59:02.124 [AsyncResolver-bootstrap-executor-0] INFO  c.n.d.shared.resolver.aws.ConfigClusterResolver - Resolving eureka endpoints via configuration
2018-12-02 14:01:38.074 [http-nio-4001-exec-8] INFO  o.s.c.c.client.ConfigServicePropertySourceLocator - Fetching config from server at : http://localhost:5000
2018-12-02 14:01:39.556 [http-nio-4001-exec-8] INFO  o.s.c.c.client.ConfigServicePropertySourceLocator - Located environment: name=logger, profiles=[default], label=null, version=null, state=null
2018-12-02 14:04:02.126 [AsyncResolver-bootstrap-executor-0] INFO  c.n.d.shared.resolver.aws.ConfigClusterResolver - Resolving eureka endpoints via configuration
2018-12-02 14:06:38.074 [http-nio-4001-exec-3] INFO  o.s.c.c.client.ConfigServicePropertySourceLocator - Fetching config from server at : http://localhost:5000
2018-12-02 14:06:39.554 [http-nio-4001-exec-3] INFO  o.s.c.c.client.ConfigServicePropertySourceLocator - Located environment: name=logger, profiles=[default], label=null, version=null, state=null
2018-12-02 14:09:02.130 [AsyncResolver-bootstrap-executor-0] INFO  c.n.d.shared.resolver.aws.ConfigClusterResolver - Resolving eureka endpoints via configuration
2018-12-02 14:11:58.074 [http-nio-4001-exec-7] INFO  o.s.c.c.client.ConfigServicePropertySourceLocator - Fetching config from server at : http://localhost:5000
2018-12-02 14:11:59.546 [http-nio-4001-exec-7] INFO  o.s.c.c.client.ConfigServicePropertySourceLocator - Located environment: name=logger, profiles=[default], label=null, version=null, state=null
2018-12-02 14:14:02.132 [AsyncResolver-bootstrap-executor-0] INFO  c.n.d.shared.resolver.aws.ConfigClusterResolver - Resolving eureka endpoints via configuration
2018-12-02 14:17:18.077 [http-nio-4001-exec-1] INFO  o.s.c.c.client.ConfigServicePropertySourceLocator - Fetching config from server at : http://localhost:5000
2018-12-02 14:17:19.567 [http-nio-4001-exec-1] INFO  o.s.c.c.client.ConfigServicePropertySourceLocator - Located environment: name=logger, profiles=[default], label=null, version=null, state=null
2018-12-02 14:19:02.135 [AsyncResolver-bootstrap-executor-0] INFO  c.n.d.shared.resolver.aws.ConfigClusterResolver - Resolving eureka endpoints via configuration
2018-12-02 14:22:38.080 [http-nio-4001-exec-5] INFO  o.s.c.c.client.ConfigServicePropertySourceLocator - Fetching config from server at : http://localhost:5000
2018-12-02 14:22:39.570 [http-nio-4001-exec-5] INFO  o.s.c.c.client.ConfigServicePropertySourceLocator - Located environment: name=logger, profiles=[default], label=null, version=null, state=null
2018-12-02 14:24:02.138 [AsyncResolver-bootstrap-executor-0] INFO  c.n.d.shared.resolver.aws.ConfigClusterResolver - Resolving eureka endpoints via configuration
2018-12-02 14:27:58.076 [http-nio-4001-exec-10] INFO  o.s.c.c.client.ConfigServicePropertySourceLocator - Fetching config from server at : http://localhost:5000
2018-12-02 14:27:59.574 [http-nio-4001-exec-10] INFO  o.s.c.c.client.ConfigServicePropertySourceLocator - Located environment: name=logger, profiles=[default], label=null, version=null, state=null
2018-12-02 14:29:02.140 [AsyncResolver-bootstrap-executor-0] INFO  c.n.d.shared.resolver.aws.ConfigClusterResolver - Resolving eureka endpoints via configuration
2018-12-02 14:32:58.076 [http-nio-4001-exec-4] INFO  o.s.c.c.client.ConfigServicePropertySourceLocator - Fetching config from server at : http://localhost:5000
2018-12-02 14:32:59.567 [http-nio-4001-exec-4] INFO  o.s.c.c.client.ConfigServicePropertySourceLocator - Located environment: name=logger, profiles=[default], label=null, version=null, state=null
2018-12-02 14:34:02.143 [AsyncResolver-bootstrap-executor-0] INFO  c.n.d.shared.resolver.aws.ConfigClusterResolver - Resolving eureka endpoints via configuration
2018-12-02 14:37:58.076 [http-nio-4001-exec-10] INFO  o.s.c.c.client.ConfigServicePropertySourceLocator - Fetching config from server at : http://localhost:5000
2018-12-02 14:37:59.573 [http-nio-4001-exec-10] INFO  o.s.c.c.client.ConfigServicePropertySourceLocator - Located environment: name=logger, profiles=[default], label=null, version=null, state=null
2018-12-02 14:39:02.146 [AsyncResolver-bootstrap-executor-0] INFO  c.n.d.shared.resolver.aws.ConfigClusterResolver - Resolving eureka endpoints via configuration
2018-12-02 14:43:18.081 [http-nio-4001-exec-3] INFO  o.s.c.c.client.ConfigServicePropertySourceLocator - Fetching config from server at : http://localhost:5000
2018-12-02 14:43:19.574 [http-nio-4001-exec-3] INFO  o.s.c.c.client.ConfigServicePropertySourceLocator - Located environment: name=logger, profiles=[default], label=null, version=null, state=null
2018-12-02 14:44:02.149 [AsyncResolver-bootstrap-executor-0] INFO  c.n.d.shared.resolver.aws.ConfigClusterResolver - Resolving eureka endpoints via configuration
2018-12-02 14:48:38.082 [http-nio-4001-exec-7] INFO  o.s.c.c.client.ConfigServicePropertySourceLocator - Fetching config from server at : http://localhost:5000
2018-12-02 14:48:39.573 [http-nio-4001-exec-7] INFO  o.s.c.c.client.ConfigServicePropertySourceLocator - Located environment: name=logger, profiles=[default], label=null, version=null, state=null
2018-12-02 14:49:02.151 [AsyncResolver-bootstrap-executor-0] INFO  c.n.d.shared.resolver.aws.ConfigClusterResolver - Resolving eureka endpoints via configuration
2018-12-02 14:53:58.081 [http-nio-4001-exec-1] INFO  o.s.c.c.client.ConfigServicePropertySourceLocator - Fetching config from server at : http://localhost:5000
2018-12-02 14:53:59.575 [http-nio-4001-exec-1] INFO  o.s.c.c.client.ConfigServicePropertySourceLocator - Located environment: name=logger, profiles=[default], label=null, version=null, state=null
2018-12-02 14:54:02.153 [AsyncResolver-bootstrap-executor-0] INFO  c.n.d.shared.resolver.aws.ConfigClusterResolver - Resolving eureka endpoints via configuration
2018-12-02 14:58:58.079 [http-nio-4001-exec-6] INFO  o.s.c.c.client.ConfigServicePropertySourceLocator - Fetching config from server at : http://localhost:5000
2018-12-02 14:58:59.553 [http-nio-4001-exec-6] INFO  o.s.c.c.client.ConfigServicePropertySourceLocator - Located environment: name=logger, profiles=[default], label=null, version=null, state=null
2018-12-02 14:59:02.156 [AsyncResolver-bootstrap-executor-0] INFO  c.n.d.shared.resolver.aws.ConfigClusterResolver - Resolving eureka endpoints via configuration
2018-12-02 15:03:58.080 [http-nio-4001-exec-1] INFO  o.s.c.c.client.ConfigServicePropertySourceLocator - Fetching config from server at : http://localhost:5000
2018-12-02 15:03:59.572 [http-nio-4001-exec-1] INFO  o.s.c.c.client.ConfigServicePropertySourceLocator - Located environment: name=logger, profiles=[default], label=null, version=null, state=null
2018-12-02 15:04:02.159 [AsyncResolver-bootstrap-executor-0] INFO  c.n.d.shared.resolver.aws.ConfigClusterResolver - Resolving eureka endpoints via configuration
2018-12-02 15:09:02.162 [AsyncResolver-bootstrap-executor-0] INFO  c.n.d.shared.resolver.aws.ConfigClusterResolver - Resolving eureka endpoints via configuration
2018-12-02 15:09:18.082 [http-nio-4001-exec-5] INFO  o.s.c.c.client.ConfigServicePropertySourceLocator - Fetching config from server at : http://localhost:5000
2018-12-02 15:09:19.581 [http-nio-4001-exec-5] INFO  o.s.c.c.client.ConfigServicePropertySourceLocator - Located environment: name=logger, profiles=[default], label=null, version=null, state=null
2018-12-02 15:14:02.164 [AsyncResolver-bootstrap-executor-0] INFO  c.n.d.shared.resolver.aws.ConfigClusterResolver - Resolving eureka endpoints via configuration
2018-12-02 15:14:38.081 [http-nio-4001-exec-10] INFO  o.s.c.c.client.ConfigServicePropertySourceLocator - Fetching config from server at : http://localhost:5000
2018-12-02 15:14:39.589 [http-nio-4001-exec-10] INFO  o.s.c.c.client.ConfigServicePropertySourceLocator - Located environment: name=logger, profiles=[default], label=null, version=null, state=null
2018-12-02 15:19:02.166 [AsyncResolver-bootstrap-executor-0] INFO  c.n.d.shared.resolver.aws.ConfigClusterResolver - Resolving eureka endpoints via configuration
2018-12-02 15:19:58.086 [http-nio-4001-exec-3] INFO  o.s.c.c.client.ConfigServicePropertySourceLocator - Fetching config from server at : http://localhost:5000
2018-12-02 15:19:59.613 [http-nio-4001-exec-3] INFO  o.s.c.c.client.ConfigServicePropertySourceLocator - Located environment: name=logger, profiles=[default], label=null, version=null, state=null
2018-12-02 15:24:02.169 [AsyncResolver-bootstrap-executor-0] INFO  c.n.d.shared.resolver.aws.ConfigClusterResolver - Resolving eureka endpoints via configuration
2018-12-02 15:25:18.081 [http-nio-4001-exec-7] INFO  o.s.c.c.client.ConfigServicePropertySourceLocator - Fetching config from server at : http://localhost:5000
2018-12-02 15:25:19.579 [http-nio-4001-exec-7] INFO  o.s.c.c.client.ConfigServicePropertySourceLocator - Located environment: name=logger, profiles=[default], label=null, version=null, state=null
2018-12-02 15:29:02.172 [AsyncResolver-bootstrap-executor-0] INFO  c.n.d.shared.resolver.aws.ConfigClusterResolver - Resolving eureka endpoints via configuration
2018-12-02 15:30:38.088 [http-nio-4001-exec-1] INFO  o.s.c.c.client.ConfigServicePropertySourceLocator - Fetching config from server at : http://localhost:5000
2018-12-02 15:30:39.593 [http-nio-4001-exec-1] INFO  o.s.c.c.client.ConfigServicePropertySourceLocator - Located environment: name=logger, profiles=[default], label=null, version=null, state=null
